Using pre-set license
Built from '2020.3/staging' branch; Version is '2020.3.11f1 (99c7afb366b3) revision 10078127'; Using compiler version '192528614'; Build Type 'Release'
OS: 'Windows 10 Enterprise; OS build 19041.1415; Version 2004; 64bit' Language: 'en' Physical Memory: 16319 MB
BatchMode: 1, IsHumanControllingUs: 0, StartBugReporterOnCrash: 0, Is64bit: 1, IsPro: 0

 COMMAND LINE ARGUMENTS:
D:\2020.3.11f1\Editor\Unity.exe
-adb2
-batchMode
-noUpm
-name
AssetImportWorker0
-projectPath
D:/8bita/Github Fighters/Project-Fighterz-Alpha
-logFile
Logs/AssetImportWorker0.log
-srvPort
57794
Successfully changed project path to: D:/8bita/Github Fighters/Project-Fighterz-Alpha
D:/8bita/Github Fighters/Project-Fighterz-Alpha
Using Asset Import Pipeline V2.
Refreshing native plugins compatible for Editor in 27.92 ms, found 2 plugins.
Preloading 0 native plugins for Editor in 0.00 ms.
Initialize engine version: 2020.3.11f1 (99c7afb366b3)
[Subsystems] Discovering subsystems at path D:/2020.3.11f1/Editor/Data/Resources/UnitySubsystems
[Subsystems] Discovering subsystems at path D:/8bita/Github Fighters/Project-Fighterz-Alpha/Assets
GfxDevice: creating device client; threaded=0
Direct3D:
    Version:  Direct3D 11.0 [level 11.1]
    Renderer: NVIDIA GeForce RTX 2070 SUPER (ID=0x1e84)
    Vendor:   
    VRAM:     8011 MB
    Driver:   26.21.14.4614
Initialize mono
Mono path[0] = 'D:/2020.3.11f1/Editor/Data/Managed'
Mono path[1] = 'D:/2020.3.11f1/Editor/Data/MonoBleedingEdge/lib/mono/unityjit'
Mono config path = 'D:/2020.3.11f1/Editor/Data/MonoBleedingEdge/etc'
Using monoOptions --debugger-agent=transport=dt_socket,embedding=1,server=y,suspend=n,address=127.0.0.1:56528
Begin MonoManager ReloadAssembly
Registering precompiled unity dll's ...
Register platform support module: D:/2020.3.11f1/Editor/Data/PlaybackEngines/WebGLSupport/UnityEditor.WebGL.Extensions.dll
Register platform support module: D:/2020.3.11f1/Editor/Data/PlaybackEngines/WindowsStandaloneSupport/UnityEditor.WindowsStandalone.Extensions.dll
Registered in 0.001411 seconds.
Native extension for WindowsStandalone target not found
Native extension for WebGL target not found
Refreshing native plugins compatible for Editor in 28.79 ms, found 2 plugins.
Preloading 0 native plugins for Editor in 0.00 ms.
Mono: successfully reloaded assembly
- Completed reload, in  1.110 seconds
Platform modules already initialized, skipping
Registering precompiled user dll's ...
Registered in 0.003378 seconds.
Begin MonoManager ReloadAssembly
Native extension for WindowsStandalone target not found
Native extension for WebGL target not found
Refreshing native plugins compatible for Editor in 0.33 ms, found 2 plugins.
Preloading 0 native plugins for Editor in 0.00 ms.
Mono: successfully reloaded assembly
- Completed reload, in  0.906 seconds
Platform modules already initialized, skipping
========================================================================
Worker process is ready to serve import requests
Launched and connected shader compiler UnityShaderCompiler.exe after 0.03 seconds
Refreshing native plugins compatible for Editor in 0.34 ms, found 2 plugins.
Preloading 0 native plugins for Editor in 0.00 ms.
Unloading 1536 Unused Serialized files (Serialized files now loaded: 0)
System memory in use before: 69.7 MB.
System memory in use after: 69.8 MB.

Unloading 19 unused Assets to reduce memory usage. Loaded Objects now: 1968.
Total: 1.629900 ms (FindLiveObjects: 0.142900 ms CreateObjectMapping: 0.043400 ms MarkObjects: 1.393400 ms  DeleteObjects: 0.049400 ms)

========================================================================
Received Import Request.
  path: Assets/Soundwave
  artifactKey: Guid(cce51a39c7eb6994290841f287734029) Importer(815301076,1909f56bfc062723c751e8b465ee728b)
Start importing Assets/Soundwave using Guid(cce51a39c7eb6994290841f287734029) Importer(815301076,1909f56bfc062723c751e8b465ee728b)  -> (artifact id: '2ef5a1f9d68481ef55e4e7fd8096e5fb') in 0.007187 seconds
  Import took 0.009939 seconds .

========================================================================
Received Import Request.
  Time since last request: 0.000246 seconds.
  path: Assets/Soundwave/Sprites/Kicks
  artifactKey: Guid(b1201cb35508ca44a8f773c6418f274d) Importer(815301076,1909f56bfc062723c751e8b465ee728b)
Start importing Assets/Soundwave/Sprites/Kicks using Guid(b1201cb35508ca44a8f773c6418f274d) Importer(815301076,1909f56bfc062723c751e8b465ee728b)  -> (artifact id: '419ffc1c8c53ddbe03ace56143980ca2') in 0.005438 seconds
  Import took 0.007622 seconds .

========================================================================
Received Import Request.
  Time since last request: 0.000171 seconds.
  path: Assets/Soundwave/Sprites
  artifactKey: Guid(189f8d85ac1819542856b23ef65dc246) Importer(815301076,1909f56bfc062723c751e8b465ee728b)
Start importing Assets/Soundwave/Sprites using Guid(189f8d85ac1819542856b23ef65dc246) Importer(815301076,1909f56bfc062723c751e8b465ee728b)  -> (artifact id: '8b56fcbffba2bbb37c00fde69277a561') in 0.006655 seconds
  Import took 0.009044 seconds .

========================================================================
Received Import Request.
  Time since last request: 0.925163 seconds.
  path: Assets/Soundwave/Sprites/Kicks/Kick 2
  artifactKey: Guid(1f63be054a141ac41a5545cc85d8c699) Importer(815301076,1909f56bfc062723c751e8b465ee728b)
Start importing Assets/Soundwave/Sprites/Kicks/Kick 2 using Guid(1f63be054a141ac41a5545cc85d8c699) Importer(815301076,1909f56bfc062723c751e8b465ee728b)  -> (artifact id: 'f61498c204598a6cfc7ed76360a5f2fa') in 0.005868 seconds
  Import took 0.008759 seconds .

========================================================================
Received Import Request.
  Time since last request: 0.000833 seconds.
  path: Assets/Soundwave/Sprites/Kicks/Kick 2
  artifactKey: Guid(1f63be054a141ac41a5545cc85d8c699) Importer(815301076,1909f56bfc062723c751e8b465ee728b)
Start importing Assets/Soundwave/Sprites/Kicks/Kick 2 using Guid(1f63be054a141ac41a5545cc85d8c699) Importer(815301076,1909f56bfc062723c751e8b465ee728b)  -> (artifact id: 'f61498c204598a6cfc7ed76360a5f2fa') in 0.001959 seconds
  Import took 0.004471 seconds .

========================================================================
Received Import Request.
  Time since last request: 0.051270 seconds.
  path: Assets/Soundwave/Sprites/Kicks/Kick 2/Layer 5.png
  artifactKey: Guid(bc203761ff7f6cb46aca833e6f600abd) Importer(815301076,1909f56bfc062723c751e8b465ee728b)
Start importing Assets/Soundwave/Sprites/Kicks/Kick 2/Layer 5.png using Guid(bc203761ff7f6cb46aca833e6f600abd) Importer(815301076,1909f56bfc062723c751e8b465ee728b)  -> (artifact id: 'd1342ea50d6891563e2c69d7a0c5c3a6') in 0.098024 seconds
  Import took 0.100366 seconds .

========================================================================
Received Import Request.
  Time since last request: 0.000162 seconds.
  path: Assets/Soundwave/Sprites/Kicks/Kick 2/Layer 7.png
  artifactKey: Guid(edc4f3b43e314614da11ec353e1bf008) Importer(815301076,1909f56bfc062723c751e8b465ee728b)
Start importing Assets/Soundwave/Sprites/Kicks/Kick 2/Layer 7.png using Guid(edc4f3b43e314614da11ec353e1bf008) Importer(815301076,1909f56bfc062723c751e8b465ee728b)  -> (artifact id: '3b34f41f51cd48e0418fab4a3f98d42f') in 0.017356 seconds
  Import took 0.020454 seconds .

========================================================================
Received Import Request.
  Time since last request: 0.000129 seconds.
  path: Assets/Soundwave/Sprites/Kicks/Kick 2/Layer 11.png
  artifactKey: Guid(deee62da5d0b9814ab8a93ee464da740) Importer(815301076,1909f56bfc062723c751e8b465ee728b)
Start importing Assets/Soundwave/Sprites/Kicks/Kick 2/Layer 11.png using Guid(deee62da5d0b9814ab8a93ee464da740) Importer(815301076,1909f56bfc062723c751e8b465ee728b)  -> (artifact id: '97e65ad3d120f28b99e3346798e2f6e9') in 0.012497 seconds
  Import took 0.017210 seconds .

========================================================================
Received Import Request.
  Time since last request: 0.000151 seconds.
  path: Assets/Soundwave/Sprites/Kicks/Kick 2/Layer 7.png
  artifactKey: Guid(edc4f3b43e314614da11ec353e1bf008) Importer(815301076,1909f56bfc062723c751e8b465ee728b)
Start importing Assets/Soundwave/Sprites/Kicks/Kick 2/Layer 7.png using Guid(edc4f3b43e314614da11ec353e1bf008) Importer(815301076,1909f56bfc062723c751e8b465ee728b)  -> (artifact id: '3b34f41f51cd48e0418fab4a3f98d42f') in 0.012220 seconds
  Import took 0.014633 seconds .

========================================================================
Received Import Request.
  Time since last request: 157.445920 seconds.
  path: Assets/Soundwave/Sprites/Kicks/Kick3
  artifactKey: Guid(76594f3535394ae449830e62ae963ca7) Importer(815301076,1909f56bfc062723c751e8b465ee728b)
Start importing Assets/Soundwave/Sprites/Kicks/Kick3 using Guid(76594f3535394ae449830e62ae963ca7) Importer(815301076,1909f56bfc062723c751e8b465ee728b)  -> (artifact id: '3150c0aa03ad70db26c2e94102590ab6') in 0.007503 seconds
  Import took 0.010173 seconds .

========================================================================
Received Import Request.
  Time since last request: 0.000431 seconds.
  path: Assets/Soundwave/Sprites/Kicks/Kick3
  artifactKey: Guid(76594f3535394ae449830e62ae963ca7) Importer(815301076,1909f56bfc062723c751e8b465ee728b)
Start importing Assets/Soundwave/Sprites/Kicks/Kick3 using Guid(76594f3535394ae449830e62ae963ca7) Importer(815301076,1909f56bfc062723c751e8b465ee728b)  -> (artifact id: '3150c0aa03ad70db26c2e94102590ab6') in 0.003543 seconds
  Import took 0.005798 seconds .

========================================================================
Received Import Request.
  Time since last request: 0.033858 seconds.
  path: Assets/Soundwave/Sprites/Kicks/Kick3/Layer 1.png
  artifactKey: Guid(a141a5a8b87a61341baba3bee2f15313) Importer(815301076,1909f56bfc062723c751e8b465ee728b)
Start importing Assets/Soundwave/Sprites/Kicks/Kick3/Layer 1.png using Guid(a141a5a8b87a61341baba3bee2f15313) Importer(815301076,1909f56bfc062723c751e8b465ee728b)  -> (artifact id: '1f9febc696e47acb915f0f5fa92b8ebd') in 0.570216 seconds
  Import took 0.573259 seconds .

========================================================================
Received Import Request.
  Time since last request: 0.000188 seconds.
  path: Assets/Soundwave/Sprites/Kicks/Kick3/Layer 15.png
  artifactKey: Guid(6f78499907c4fc943b1a97bdfddfc87a) Importer(815301076,1909f56bfc062723c751e8b465ee728b)
Start importing Assets/Soundwave/Sprites/Kicks/Kick3/Layer 15.png using Guid(6f78499907c4fc943b1a97bdfddfc87a) Importer(815301076,1909f56bfc062723c751e8b465ee728b)  -> (artifact id: '6fe07d628153d47a68066e8881f2c95e') in 0.014549 seconds
  Import took 0.017430 seconds .

========================================================================
Received Import Request.
  Time since last request: 0.000291 seconds.
  path: Assets/Soundwave/Sprites/Kicks/Kick3/Layer 12.png
  artifactKey: Guid(66223c2fce168424790131f2b3c2a3f1) Importer(815301076,1909f56bfc062723c751e8b465ee728b)
Start importing Assets/Soundwave/Sprites/Kicks/Kick3/Layer 12.png using Guid(66223c2fce168424790131f2b3c2a3f1) Importer(815301076,1909f56bfc062723c751e8b465ee728b)  -> (artifact id: '0217090e82a6216069d9e1b2efd890cc') in 0.015524 seconds
  Import took 0.018489 seconds .

========================================================================
Received Import Request.
  Time since last request: 0.000192 seconds.
  path: Assets/Soundwave/Sprites/Kicks/Kick3/Layer 23.png
  artifactKey: Guid(2f86773d27039684d8ca941842fb8426) Importer(815301076,1909f56bfc062723c751e8b465ee728b)
Start importing Assets/Soundwave/Sprites/Kicks/Kick3/Layer 23.png using Guid(2f86773d27039684d8ca941842fb8426) Importer(815301076,1909f56bfc062723c751e8b465ee728b)  -> (artifact id: 'ffdc23dc951ce0d178478843366b1da6') in 0.015315 seconds
  Import took 0.019217 seconds .

========================================================================
Received Import Request.
  Time since last request: 0.000152 seconds.
  path: Assets/Soundwave/Sprites/Kicks/Kick3/Layer 18.png
  artifactKey: Guid(94804f2b5797fc349b7ee738bed72670) Importer(815301076,1909f56bfc062723c751e8b465ee728b)
Start importing Assets/Soundwave/Sprites/Kicks/Kick3/Layer 18.png using Guid(94804f2b5797fc349b7ee738bed72670) Importer(815301076,1909f56bfc062723c751e8b465ee728b)  -> (artifact id: 'c506ec9108721909a00d883011c315f4') in 0.013853 seconds
  Import took 0.016867 seconds .

========================================================================
Received Import Request.
  Time since last request: 178.208156 seconds.
  path: Assets/Soundwave/Sprites/Crouching Sprite
  artifactKey: Guid(89883ec0580d4514c84ac98391f3e19f) Importer(815301076,1909f56bfc062723c751e8b465ee728b)
Start importing Assets/Soundwave/Sprites/Crouching Sprite using Guid(89883ec0580d4514c84ac98391f3e19f) Importer(815301076,1909f56bfc062723c751e8b465ee728b)  -> (artifact id: '8440dc6beaacb4d668e3c06905267859') in 0.006057 seconds
  Import took 0.008996 seconds .

========================================================================
Received Import Request.
  Time since last request: 0.000597 seconds.
  path: Assets/Soundwave/Sprites/Crouching Sprite
  artifactKey: Guid(89883ec0580d4514c84ac98391f3e19f) Importer(815301076,1909f56bfc062723c751e8b465ee728b)
Start importing Assets/Soundwave/Sprites/Crouching Sprite using Guid(89883ec0580d4514c84ac98391f3e19f) Importer(815301076,1909f56bfc062723c751e8b465ee728b)  -> (artifact id: '8440dc6beaacb4d668e3c06905267859') in 0.001923 seconds
  Import took 0.004431 seconds .

========================================================================
Received Import Request.
  Time since last request: 0.066484 seconds.
  path: Assets/Soundwave/Sprites/Crouching Sprite/Layer 1.png
  artifactKey: Guid(ca2c34db2556629479da051870e116fc) Importer(815301076,1909f56bfc062723c751e8b465ee728b)
Start importing Assets/Soundwave/Sprites/Crouching Sprite/Layer 1.png using Guid(ca2c34db2556629479da051870e116fc) Importer(815301076,1909f56bfc062723c751e8b465ee728b)  -> (artifact id: '176fe4be86e7a7250634c7e36843a0c5') in 0.120471 seconds
  Import took 0.122739 seconds .

========================================================================
Received Import Request.
  Time since last request: 0.000193 seconds.
  path: Assets/Soundwave/Sprites/Crouching Sprite/Layer 7.png
  artifactKey: Guid(208873f1684404b42bfe44d4d3fa423e) Importer(815301076,1909f56bfc062723c751e8b465ee728b)
Start importing Assets/Soundwave/Sprites/Crouching Sprite/Layer 7.png using Guid(208873f1684404b42bfe44d4d3fa423e) Importer(815301076,1909f56bfc062723c751e8b465ee728b)  -> (artifact id: '5467d18a3f290d80c468018202bfe1c6') in 0.030332 seconds
  Import took 0.032572 seconds .

========================================================================
Received Import Request.
  Time since last request: 0.000198 seconds.
  path: Assets/Soundwave/Sprites/Crouching Sprite/Layer 6.png
  artifactKey: Guid(7fb01fe9a8ae31946b6bef36338bbcf7) Importer(815301076,1909f56bfc062723c751e8b465ee728b)
Start importing Assets/Soundwave/Sprites/Crouching Sprite/Layer 6.png using Guid(7fb01fe9a8ae31946b6bef36338bbcf7) Importer(815301076,1909f56bfc062723c751e8b465ee728b)  -> (artifact id: '1ce86f89e9052da179e89847c7bd488d') in 0.017653 seconds
  Import took 0.020007 seconds .

========================================================================
Received Import Request.
  Time since last request: 0.000424 seconds.
  path: Assets/Soundwave/Sprites/Crouching Sprite/Layer 8.png
  artifactKey: Guid(d311714a5d3825842baf5ae490dee1b2) Importer(815301076,1909f56bfc062723c751e8b465ee728b)
Start importing Assets/Soundwave/Sprites/Crouching Sprite/Layer 8.png using Guid(d311714a5d3825842baf5ae490dee1b2) Importer(815301076,1909f56bfc062723c751e8b465ee728b)  -> (artifact id: 'd91f458003deb759977a9b05b919c334') in 0.014800 seconds
  Import took 0.017579 seconds .

========================================================================
Received Import Request.
  Time since last request: 0.000160 seconds.
  path: Assets/Soundwave/Sprites/Crouching Sprite/Layer 5.png
  artifactKey: Guid(a665d234ea767394b9dc06f2ed650e8f) Importer(815301076,1909f56bfc062723c751e8b465ee728b)
Start importing Assets/Soundwave/Sprites/Crouching Sprite/Layer 5.png using Guid(a665d234ea767394b9dc06f2ed650e8f) Importer(815301076,1909f56bfc062723c751e8b465ee728b)  -> (artifact id: 'ce3b48918204debfd8ed3d7d2228f264') in 0.013277 seconds
  Import took 0.015646 seconds .

========================================================================
Received Import Request.
  Time since last request: 0.000179 seconds.
  path: Assets/Soundwave/Sprites/Crouching Sprite/Layer 2.png
  artifactKey: Guid(21703b71894f86a44b40511007f0d788) Importer(815301076,1909f56bfc062723c751e8b465ee728b)
Start importing Assets/Soundwave/Sprites/Crouching Sprite/Layer 2.png using Guid(21703b71894f86a44b40511007f0d788) Importer(815301076,1909f56bfc062723c751e8b465ee728b)  -> (artifact id: '550061df8d1ebccf2915118dacc0b820') in 0.039618 seconds
  Import took 0.042086 seconds .

========================================================================
Received Import Request.
  Time since last request: 0.000214 seconds.
  path: Assets/Soundwave/Sprites/Crouching Sprite/Layer 3.png
  artifactKey: Guid(3168525c7ac799042a10469bc7af51cd) Importer(815301076,1909f56bfc062723c751e8b465ee728b)
Start importing Assets/Soundwave/Sprites/Crouching Sprite/Layer 3.png using Guid(3168525c7ac799042a10469bc7af51cd) Importer(815301076,1909f56bfc062723c751e8b465ee728b)  -> (artifact id: '27f498b49e7dc1e7bc37831c96295f09') in 0.115752 seconds
  Import took 0.118027 seconds .

========================================================================
Received Import Request.
  Time since last request: 0.000190 seconds.
  path: Assets/Soundwave/Sprites/Crouching Sprite/Layer 4.png
  artifactKey: Guid(4bacb0e2255415d409bd73ec3717e4b0) Importer(815301076,1909f56bfc062723c751e8b465ee728b)
Start importing Assets/Soundwave/Sprites/Crouching Sprite/Layer 4.png using Guid(4bacb0e2255415d409bd73ec3717e4b0) Importer(815301076,1909f56bfc062723c751e8b465ee728b)  -> (artifact id: 'b92acc9b91d3eba68d69c84b87820067') in 0.127284 seconds
  Import took 0.129454 seconds .

========================================================================
Received Import Request.
  Time since last request: 178.080755 seconds.
  path: Assets/Soundwave/Sprites/Crouching Sprite/Layer 1.png
  artifactKey: Guid(ca2c34db2556629479da051870e116fc) Importer(815301076,1909f56bfc062723c751e8b465ee728b)
Start importing Assets/Soundwave/Sprites/Crouching Sprite/Layer 1.png using Guid(ca2c34db2556629479da051870e116fc) Importer(815301076,1909f56bfc062723c751e8b465ee728b)  -> (artifact id: '497b17e808b37fbab5826b285fa29d33') in 0.022004 seconds
  Import took 0.025690 seconds .

========================================================================
Received Import Request.
  Time since last request: 21.154588 seconds.
  path: Assets/Soundwave/Sprites/Crouching Sprite/Layer 8.png
  artifactKey: Guid(d311714a5d3825842baf5ae490dee1b2) Importer(815301076,1909f56bfc062723c751e8b465ee728b)
Start importing Assets/Soundwave/Sprites/Crouching Sprite/Layer 8.png using Guid(d311714a5d3825842baf5ae490dee1b2) Importer(815301076,1909f56bfc062723c751e8b465ee728b)  -> (artifact id: 'a56c89287e6d6f15c118142473aef8b2') in 0.011293 seconds
  Import took 0.014753 seconds .

========================================================================
Received Import Request.
  Time since last request: 0.005248 seconds.
  path: Assets/Soundwave/Sprites/Crouching Sprite/Layer 8.png
  artifactKey: Guid(d311714a5d3825842baf5ae490dee1b2) Importer(815301076,1909f56bfc062723c751e8b465ee728b)
Start importing Assets/Soundwave/Sprites/Crouching Sprite/Layer 8.png using Guid(d311714a5d3825842baf5ae490dee1b2) Importer(815301076,1909f56bfc062723c751e8b465ee728b)  -> (artifact id: 'a56c89287e6d6f15c118142473aef8b2') in 0.010472 seconds
  Import took 0.012853 seconds .

========================================================================
Received Import Request.
  Time since last request: 6.067030 seconds.
  path: Assets/Soundwave/Sprites/Crouching Sprite/Layer 2.png
  artifactKey: Guid(21703b71894f86a44b40511007f0d788) Importer(815301076,1909f56bfc062723c751e8b465ee728b)
Start importing Assets/Soundwave/Sprites/Crouching Sprite/Layer 2.png using Guid(21703b71894f86a44b40511007f0d788) Importer(815301076,1909f56bfc062723c751e8b465ee728b)  -> (artifact id: '30635200355211a6754f36c29bfbcea9') in 0.011026 seconds
  Import took 0.013743 seconds .

========================================================================
Received Import Request.
  Time since last request: 0.027932 seconds.
  path: Assets/Soundwave/Sprites/Crouching Sprite/Layer 3.png
  artifactKey: Guid(3168525c7ac799042a10469bc7af51cd) Importer(815301076,1909f56bfc062723c751e8b465ee728b)
Start importing Assets/Soundwave/Sprites/Crouching Sprite/Layer 3.png using Guid(3168525c7ac799042a10469bc7af51cd) Importer(815301076,1909f56bfc062723c751e8b465ee728b)  -> (artifact id: '8bd0c26d6c492fcaea3f772b54e6f28e') in 0.012704 seconds
  Import took 0.015165 seconds .

========================================================================
Received Import Request.
  Time since last request: 0.011748 seconds.
  path: Assets/Soundwave/Sprites/Crouching Sprite/Layer 4.png
  artifactKey: Guid(4bacb0e2255415d409bd73ec3717e4b0) Importer(815301076,1909f56bfc062723c751e8b465ee728b)
Start importing Assets/Soundwave/Sprites/Crouching Sprite/Layer 4.png using Guid(4bacb0e2255415d409bd73ec3717e4b0) Importer(815301076,1909f56bfc062723c751e8b465ee728b)  -> (artifact id: '44de940cf1a9647f5de631e9fe0f9e2a') in 0.013281 seconds
  Import took 0.015783 seconds .

========================================================================
Received Import Request.
  Time since last request: 0.015371 seconds.
  path: Assets/Soundwave/Sprites/Crouching Sprite/Layer 5.png
  artifactKey: Guid(a665d234ea767394b9dc06f2ed650e8f) Importer(815301076,1909f56bfc062723c751e8b465ee728b)
Start importing Assets/Soundwave/Sprites/Crouching Sprite/Layer 5.png using Guid(a665d234ea767394b9dc06f2ed650e8f) Importer(815301076,1909f56bfc062723c751e8b465ee728b)  -> (artifact id: 'b09c9cf0c09e3796e34c3adf5132b12a') in 0.011721 seconds
  Import took 0.014337 seconds .

========================================================================
Received Import Request.
  Time since last request: 0.001443 seconds.
  path: Assets/Soundwave/Sprites/Crouching Sprite/Layer 5.png
  artifactKey: Guid(a665d234ea767394b9dc06f2ed650e8f) Importer(815301076,1909f56bfc062723c751e8b465ee728b)
Start importing Assets/Soundwave/Sprites/Crouching Sprite/Layer 5.png using Guid(a665d234ea767394b9dc06f2ed650e8f) Importer(815301076,1909f56bfc062723c751e8b465ee728b)  -> (artifact id: 'b09c9cf0c09e3796e34c3adf5132b12a') in 0.011051 seconds
  Import took 0.013424 seconds .

========================================================================
Received Import Request.
  Time since last request: 0.017464 seconds.
  path: Assets/Soundwave/Sprites/Crouching Sprite/Layer 6.png
  artifactKey: Guid(7fb01fe9a8ae31946b6bef36338bbcf7) Importer(815301076,1909f56bfc062723c751e8b465ee728b)
Start importing Assets/Soundwave/Sprites/Crouching Sprite/Layer 6.png using Guid(7fb01fe9a8ae31946b6bef36338bbcf7) Importer(815301076,1909f56bfc062723c751e8b465ee728b)  -> (artifact id: '05af4195cf4142d608c0d159c49a1ace') in 0.012607 seconds
  Import took 0.014973 seconds .

========================================================================
Received Import Request.
  Time since last request: 0.000417 seconds.
  path: Assets/Soundwave/Sprites/Crouching Sprite/Layer 6.png
  artifactKey: Guid(7fb01fe9a8ae31946b6bef36338bbcf7) Importer(815301076,1909f56bfc062723c751e8b465ee728b)
Start importing Assets/Soundwave/Sprites/Crouching Sprite/Layer 6.png using Guid(7fb01fe9a8ae31946b6bef36338bbcf7) Importer(815301076,1909f56bfc062723c751e8b465ee728b)  -> (artifact id: '05af4195cf4142d608c0d159c49a1ace') in 0.013116 seconds
  Import took 0.016353 seconds .

========================================================================
Received Import Request.
  Time since last request: 0.000156 seconds.
  path: Assets/Soundwave/Sprites/Crouching Sprite/Layer 7.png
  artifactKey: Guid(208873f1684404b42bfe44d4d3fa423e) Importer(815301076,1909f56bfc062723c751e8b465ee728b)
Start importing Assets/Soundwave/Sprites/Crouching Sprite/Layer 7.png using Guid(208873f1684404b42bfe44d4d3fa423e) Importer(815301076,1909f56bfc062723c751e8b465ee728b)  -> (artifact id: '8bfcd280aed8a283de0cb9f10c06ccd5') in 0.013933 seconds
  Import took 0.199974 seconds .

========================================================================
Received Import Request.
  Time since last request: 109.731518 seconds.
  path: Assets/Soundwave/Sprites/Idle Sprites/Layer 3.png
  artifactKey: Guid(d180491402f9d8144b1ad21fd7b2350e) Importer(815301076,1909f56bfc062723c751e8b465ee728b)
Start importing Assets/Soundwave/Sprites/Idle Sprites/Layer 3.png using Guid(d180491402f9d8144b1ad21fd7b2350e) Importer(815301076,1909f56bfc062723c751e8b465ee728b)  -> (artifact id: 'e196253686a2768572e7f07138bc0048') in 0.014755 seconds
  Import took 0.017260 seconds .

========================================================================
Received Import Request.
  Time since last request: 13.941463 seconds.
  path: Assets/Soundwave/Sprites/JumpKick
  artifactKey: Guid(6c6f4c73ebbe6a74eb45a28bbce525d5) Importer(815301076,1909f56bfc062723c751e8b465ee728b)
Start importing Assets/Soundwave/Sprites/JumpKick using Guid(6c6f4c73ebbe6a74eb45a28bbce525d5) Importer(815301076,1909f56bfc062723c751e8b465ee728b)  -> (artifact id: '43e720aed5c3ac6bc57d65756d2564b4') in 0.005648 seconds
  Import took 0.007897 seconds .

========================================================================
Received Import Request.
  Time since last request: 5.446852 seconds.
  path: Assets/Soundwave/Sprites/JumpKick/Layer 8.png
  artifactKey: Guid(010ee2d226be4a742a38d923c0ccaaee) Importer(815301076,1909f56bfc062723c751e8b465ee728b)
Start importing Assets/Soundwave/Sprites/JumpKick/Layer 8.png using Guid(010ee2d226be4a742a38d923c0ccaaee) Importer(815301076,1909f56bfc062723c751e8b465ee728b)  -> (artifact id: 'b25da0f5c84d9894c8c655626d83ae3f') in 0.008514 seconds
  Import took 0.010846 seconds .

========================================================================
Received Import Request.
  Time since last request: 0.000221 seconds.
  path: Assets/Soundwave/Sprites/JumpKick/Layer 15.png
  artifactKey: Guid(cfb3787afbce8a94d8d2a8a8f15aa9a9) Importer(815301076,1909f56bfc062723c751e8b465ee728b)
Start importing Assets/Soundwave/Sprites/JumpKick/Layer 15.png using Guid(cfb3787afbce8a94d8d2a8a8f15aa9a9) Importer(815301076,1909f56bfc062723c751e8b465ee728b)  -> (artifact id: 'c7c9592677182052c0b968db2254a32f') in 0.010532 seconds
  Import took 0.012664 seconds .

========================================================================
Received Import Request.
  Time since last request: 0.000219 seconds.
  path: Assets/Soundwave/Sprites/JumpKick/Layer 12.png
  artifactKey: Guid(1dc6dce8914e2d74a82fa8b697947161) Importer(815301076,1909f56bfc062723c751e8b465ee728b)
Start importing Assets/Soundwave/Sprites/JumpKick/Layer 12.png using Guid(1dc6dce8914e2d74a82fa8b697947161) Importer(815301076,1909f56bfc062723c751e8b465ee728b)  -> (artifact id: 'e9acbb6d8a554a5ee82aaaeb6f1ea670') in 0.009992 seconds
  Import took 0.012390 seconds .

========================================================================
Received Import Request.
  Time since last request: 8.093828 seconds.
  path: Assets/Soundwave/Sprites/JumpKick/Layer 8.png
  artifactKey: Guid(010ee2d226be4a742a38d923c0ccaaee) Importer(815301076,1909f56bfc062723c751e8b465ee728b)
Start importing Assets/Soundwave/Sprites/JumpKick/Layer 8.png using Guid(010ee2d226be4a742a38d923c0ccaaee) Importer(815301076,1909f56bfc062723c751e8b465ee728b)  -> (artifact id: '11fb22981f5bf5bb8a28d7d2c2af7718') in 0.013626 seconds
  Import took 0.016724 seconds .

========================================================================
Received Import Request.
  Time since last request: 0.000214 seconds.
  path: Assets/Soundwave/Sprites/JumpKick/Layer 15.png
  artifactKey: Guid(cfb3787afbce8a94d8d2a8a8f15aa9a9) Importer(815301076,1909f56bfc062723c751e8b465ee728b)
Start importing Assets/Soundwave/Sprites/JumpKick/Layer 15.png using Guid(cfb3787afbce8a94d8d2a8a8f15aa9a9) Importer(815301076,1909f56bfc062723c751e8b465ee728b)  -> (artifact id: '6794a06e22ce3ec014a324b9dd875038') in 0.015814 seconds
  Import took 0.018765 seconds .

========================================================================
Received Import Request.
  Time since last request: 0.000152 seconds.
  path: Assets/Soundwave/Sprites/JumpKick/Layer 12.png
  artifactKey: Guid(1dc6dce8914e2d74a82fa8b697947161) Importer(815301076,1909f56bfc062723c751e8b465ee728b)
Start importing Assets/Soundwave/Sprites/JumpKick/Layer 12.png using Guid(1dc6dce8914e2d74a82fa8b697947161) Importer(815301076,1909f56bfc062723c751e8b465ee728b)  -> (artifact id: 'b5a7d7331f6f21c71233c3044c46849a') in 0.016181 seconds
  Import took 0.018771 seconds .

========================================================================
Received Import Request.
  Time since last request: 170.480699 seconds.
  path: Assets/Soundwave/Sprites/JumpKick/Layer 8.png
  artifactKey: Guid(010ee2d226be4a742a38d923c0ccaaee) Importer(815301076,1909f56bfc062723c751e8b465ee728b)
Start importing Assets/Soundwave/Sprites/JumpKick/Layer 8.png using Guid(010ee2d226be4a742a38d923c0ccaaee) Importer(815301076,1909f56bfc062723c751e8b465ee728b)  -> (artifact id: '166391b7898101100ff0cd70b807d4fb') in 0.012618 seconds
  Import took 0.015304 seconds .

========================================================================
Received Import Request.
  Time since last request: 0.000542 seconds.
  path: Assets/Soundwave/Sprites/JumpKick/Layer 12.png
  artifactKey: Guid(1dc6dce8914e2d74a82fa8b697947161) Importer(815301076,1909f56bfc062723c751e8b465ee728b)
Start importing Assets/Soundwave/Sprites/JumpKick/Layer 12.png using Guid(1dc6dce8914e2d74a82fa8b697947161) Importer(815301076,1909f56bfc062723c751e8b465ee728b)  -> (artifact id: 'ab10004b78ee7b92f7ad2132c68986f3') in 0.020286 seconds
  Import took 0.023086 seconds .

========================================================================
Received Import Request.
  Time since last request: 0.000251 seconds.
  path: Assets/Soundwave/Sprites/JumpKick/Layer 15.png
  artifactKey: Guid(cfb3787afbce8a94d8d2a8a8f15aa9a9) Importer(815301076,1909f56bfc062723c751e8b465ee728b)
Start importing Assets/Soundwave/Sprites/JumpKick/Layer 15.png using Guid(cfb3787afbce8a94d8d2a8a8f15aa9a9) Importer(815301076,1909f56bfc062723c751e8b465ee728b)  -> (artifact id: '9f194ddf31e1ba63158dc41fdfa11a93') in 0.014858 seconds
  Import took 0.017348 seconds .

========================================================================
Received Import Request.
  Time since last request: 122.459901 seconds.
  path: Assets/Soundwave/Sprites/Idle Sprites/Layer 23.png
  artifactKey: Guid(ff30197faced52a44b8d480fdbeb5fd1) Importer(815301076,1909f56bfc062723c751e8b465ee728b)
Start importing Assets/Soundwave/Sprites/Idle Sprites/Layer 23.png using Guid(ff30197faced52a44b8d480fdbeb5fd1) Importer(815301076,1909f56bfc062723c751e8b465ee728b)  -> (artifact id: '39c675239f47725df06c17487ba03c11') in 0.014056 seconds
  Import took 0.016511 seconds .

========================================================================
Received Import Request.
  Time since last request: 0.002401 seconds.
  path: Assets/Soundwave/Sprites/Idle Sprites/Layer 23.png
  artifactKey: Guid(ff30197faced52a44b8d480fdbeb5fd1) Importer(815301076,1909f56bfc062723c751e8b465ee728b)
Start importing Assets/Soundwave/Sprites/Idle Sprites/Layer 23.png using Guid(ff30197faced52a44b8d480fdbeb5fd1) Importer(815301076,1909f56bfc062723c751e8b465ee728b)  -> (artifact id: '39c675239f47725df06c17487ba03c11') in 0.014378 seconds
  Import took 0.016876 seconds .

========================================================================
Received Import Request.
  Time since last request: 0.041101 seconds.
  path: Assets/Soundwave/Sprites/Idle Sprites/Layer 27.png
  artifactKey: Guid(a549988341ecdd345943a5e3dd48be8a) Importer(815301076,1909f56bfc062723c751e8b465ee728b)
Start importing Assets/Soundwave/Sprites/Idle Sprites/Layer 27.png using Guid(a549988341ecdd345943a5e3dd48be8a) Importer(815301076,1909f56bfc062723c751e8b465ee728b)  -> (artifact id: 'f9727e34e687f064b85731ba413d65a6') in 0.012846 seconds
  Import took 0.015253 seconds .

========================================================================
Received Import Request.
  Time since last request: 0.002013 seconds.
  path: Assets/Soundwave/Sprites/Idle Sprites/Layer 27.png
  artifactKey: Guid(a549988341ecdd345943a5e3dd48be8a) Importer(815301076,1909f56bfc062723c751e8b465ee728b)
Start importing Assets/Soundwave/Sprites/Idle Sprites/Layer 27.png using Guid(a549988341ecdd345943a5e3dd48be8a) Importer(815301076,1909f56bfc062723c751e8b465ee728b)  -> (artifact id: 'f9727e34e687f064b85731ba413d65a6') in 0.011461 seconds
  Import took 0.014107 seconds .

========================================================================
Received Import Request.
  Time since last request: 0.015700 seconds.
  path: Assets/Soundwave/Sprites/Idle Sprites/Layer 31.png
  artifactKey: Guid(f2083fea3edb96f4fa417b441e72cb21) Importer(815301076,1909f56bfc062723c751e8b465ee728b)
Start importing Assets/Soundwave/Sprites/Idle Sprites/Layer 31.png using Guid(f2083fea3edb96f4fa417b441e72cb21) Importer(815301076,1909f56bfc062723c751e8b465ee728b)  -> (artifact id: '88e539e5706bbee511328b8736c1e9d7') in 0.012823 seconds
  Import took 0.015205 seconds .

========================================================================
Received Import Request.
  Time since last request: 0.078877 seconds.
  path: Assets/Soundwave/Sprites/Idle Sprites/Layer 35.png
  artifactKey: Guid(99c74768523d445479ac71480c4e7392) Importer(815301076,1909f56bfc062723c751e8b465ee728b)
Start importing Assets/Soundwave/Sprites/Idle Sprites/Layer 35.png using Guid(99c74768523d445479ac71480c4e7392) Importer(815301076,1909f56bfc062723c751e8b465ee728b)  -> (artifact id: '368640767391cfb55eda4907ac105562') in 0.014309 seconds
  Import took 0.016693 seconds .

========================================================================
Received Import Request.
  Time since last request: 0.041139 seconds.
  path: Assets/Soundwave/Sprites/Idle Sprites/Layer 39.png
  artifactKey: Guid(118848b1a4345f347b8269cb41614130) Importer(815301076,1909f56bfc062723c751e8b465ee728b)
Start importing Assets/Soundwave/Sprites/Idle Sprites/Layer 39.png using Guid(118848b1a4345f347b8269cb41614130) Importer(815301076,1909f56bfc062723c751e8b465ee728b)  -> (artifact id: '8e67b3db29e11e7c4443f96dae4f8ccd') in 0.013090 seconds
  Import took 0.015773 seconds .

========================================================================
Received Import Request.
  Time since last request: 0.001922 seconds.
  path: Assets/Soundwave/Sprites/Idle Sprites/Layer 39.png
  artifactKey: Guid(118848b1a4345f347b8269cb41614130) Importer(815301076,1909f56bfc062723c751e8b465ee728b)
Start importing Assets/Soundwave/Sprites/Idle Sprites/Layer 39.png using Guid(118848b1a4345f347b8269cb41614130) Importer(815301076,1909f56bfc062723c751e8b465ee728b)  -> (artifact id: '8e67b3db29e11e7c4443f96dae4f8ccd') in 0.012132 seconds
  Import took 0.014447 seconds .

========================================================================
Received Import Request.
  Time since last request: 0.015853 seconds.
  path: Assets/Soundwave/Sprites/Idle Sprites/Layer 43.png
  artifactKey: Guid(8151cadfb4f79dd41a53b73a4d0dc9e2) Importer(815301076,1909f56bfc062723c751e8b465ee728b)
Start importing Assets/Soundwave/Sprites/Idle Sprites/Layer 43.png using Guid(8151cadfb4f79dd41a53b73a4d0dc9e2) Importer(815301076,1909f56bfc062723c751e8b465ee728b)  -> (artifact id: 'f7440401054dc33bd7a10c3e4d478b6f') in 0.012048 seconds
  Import took 0.014554 seconds .

========================================================================
Received Import Request.
  Time since last request: 0.058750 seconds.
  path: Assets/Soundwave/Sprites/Idle Sprites/Layer 47.png
  artifactKey: Guid(23d39ed7b8e66d047a026620a95ca28e) Importer(815301076,1909f56bfc062723c751e8b465ee728b)
Start importing Assets/Soundwave/Sprites/Idle Sprites/Layer 47.png using Guid(23d39ed7b8e66d047a026620a95ca28e) Importer(815301076,1909f56bfc062723c751e8b465ee728b)  -> (artifact id: 'e665740cccdffc0066d624079a4c2822') in 0.012813 seconds
  Import took 0.015376 seconds .

========================================================================
Received Import Request.
  Time since last request: 0.044492 seconds.
  path: Assets/Soundwave/Sprites/Idle Sprites/Layer 51.png
  artifactKey: Guid(19060e50a0517c1408f9c3377d589bd0) Importer(815301076,1909f56bfc062723c751e8b465ee728b)
Start importing Assets/Soundwave/Sprites/Idle Sprites/Layer 51.png using Guid(19060e50a0517c1408f9c3377d589bd0) Importer(815301076,1909f56bfc062723c751e8b465ee728b)  -> (artifact id: '96029c379fd3f35f5827fdbb3f99edba') in 0.013151 seconds
  Import took 0.015660 seconds .

========================================================================
Received Import Request.
  Time since last request: 0.157039 seconds.
  path: Assets/Soundwave/Sprites/Idle Sprites/Layer 7.png
  artifactKey: Guid(836ec2914d67c2f408c2116fb61217e3) Importer(815301076,1909f56bfc062723c751e8b465ee728b)
Start importing Assets/Soundwave/Sprites/Idle Sprites/Layer 7.png using Guid(836ec2914d67c2f408c2116fb61217e3) Importer(815301076,1909f56bfc062723c751e8b465ee728b)  -> (artifact id: '9d970f82b2ce4f7b03d36bd594f12f1c') in 0.012727 seconds
  Import took 0.015860 seconds .

========================================================================
Received Import Request.
  Time since last request: 0.054826 seconds.
  path: Assets/Soundwave/Sprites/Idle Sprites/Layer 11.png
  artifactKey: Guid(1724da759265ec942a2f40cf2c886a74) Importer(815301076,1909f56bfc062723c751e8b465ee728b)
Start importing Assets/Soundwave/Sprites/Idle Sprites/Layer 11.png using Guid(1724da759265ec942a2f40cf2c886a74) Importer(815301076,1909f56bfc062723c751e8b465ee728b)  -> (artifact id: 'd74c64e3f688dd220a9b13837ec2fab3') in 0.014269 seconds
  Import took 0.016973 seconds .

========================================================================
Received Import Request.
  Time since last request: 0.055883 seconds.
  path: Assets/Soundwave/Sprites/Idle Sprites/Layer 15.png
  artifactKey: Guid(1fa1021e924be454a80037ae5f0908a5) Importer(815301076,1909f56bfc062723c751e8b465ee728b)
Start importing Assets/Soundwave/Sprites/Idle Sprites/Layer 15.png using Guid(1fa1021e924be454a80037ae5f0908a5) Importer(815301076,1909f56bfc062723c751e8b465ee728b)  -> (artifact id: '56accecb553d8417e284a1b31252854b') in 0.012198 seconds
  Import took 0.014910 seconds .

========================================================================
Received Import Request.
  Time since last request: 0.051889 seconds.
  path: Assets/Soundwave/Sprites/Idle Sprites/Layer 19.png
  artifactKey: Guid(739a08cf09fe80041ad5ef14a8cd1f96) Importer(815301076,1909f56bfc062723c751e8b465ee728b)
Start importing Assets/Soundwave/Sprites/Idle Sprites/Layer 19.png using Guid(739a08cf09fe80041ad5ef14a8cd1f96) Importer(815301076,1909f56bfc062723c751e8b465ee728b)  -> (artifact id: 'a05f67632764f116e21951bfd1e9a684') in 0.014560 seconds
  Import took 0.017631 seconds .

========================================================================
Received Import Request.
  Time since last request: 0.006321 seconds.
  path: Assets/Soundwave/Sprites/Idle Sprites/Layer 19.png
  artifactKey: Guid(739a08cf09fe80041ad5ef14a8cd1f96) Importer(815301076,1909f56bfc062723c751e8b465ee728b)
Start importing Assets/Soundwave/Sprites/Idle Sprites/Layer 19.png using Guid(739a08cf09fe80041ad5ef14a8cd1f96) Importer(815301076,1909f56bfc062723c751e8b465ee728b)  -> (artifact id: 'a05f67632764f116e21951bfd1e9a684') in 0.012400 seconds
  Import took 0.015260 seconds .

========================================================================
Received Import Request.
  Time since last request: 1.249080 seconds.
  path: Assets/Soundwave/Sprites/Walking sprites/Layer 1.png
  artifactKey: Guid(a6e004e1e7a7eb34c9d95e4b22b4200d) Importer(815301076,1909f56bfc062723c751e8b465ee728b)
Start importing Assets/Soundwave/Sprites/Walking sprites/Layer 1.png using Guid(a6e004e1e7a7eb34c9d95e4b22b4200d) Importer(815301076,1909f56bfc062723c751e8b465ee728b)  -> (artifact id: 'c088e4b6db3d4d1e33fd8959549b795f') in 0.025158 seconds
  Import took 0.027559 seconds .

========================================================================
Received Import Request.
  Time since last request: 0.113015 seconds.
  path: Assets/Soundwave/Sprites/Walking sprites/Layer 2.png
  artifactKey: Guid(b31a7aad32e417041b0f032a96c1dfc6) Importer(815301076,1909f56bfc062723c751e8b465ee728b)
Start importing Assets/Soundwave/Sprites/Walking sprites/Layer 2.png using Guid(b31a7aad32e417041b0f032a96c1dfc6) Importer(815301076,1909f56bfc062723c751e8b465ee728b)  -> (artifact id: '4f0853717a9ff3d4a6a447d5834ae854') in 0.012396 seconds
  Import took 0.014883 seconds .

========================================================================
Received Import Request.
  Time since last request: 0.040071 seconds.
  path: Assets/Soundwave/Sprites/Walking sprites/Layer 5.png
  artifactKey: Guid(0447ce41043476543a29b89f877a6449) Importer(815301076,1909f56bfc062723c751e8b465ee728b)
Start importing Assets/Soundwave/Sprites/Walking sprites/Layer 5.png using Guid(0447ce41043476543a29b89f877a6449) Importer(815301076,1909f56bfc062723c751e8b465ee728b)  -> (artifact id: 'c38246e51720107ccea79f1c2600854b') in 0.034734 seconds
  Import took 0.037284 seconds .

========================================================================
Received Import Request.
  Time since last request: 0.101121 seconds.
  path: Assets/Soundwave/Sprites/Walking sprites/Layer 6.png
  artifactKey: Guid(fc854fdc2bdaf4048a44ce1f2e19cc14) Importer(815301076,1909f56bfc062723c751e8b465ee728b)
Start importing Assets/Soundwave/Sprites/Walking sprites/Layer 6.png using Guid(fc854fdc2bdaf4048a44ce1f2e19cc14) Importer(815301076,1909f56bfc062723c751e8b465ee728b)  -> (artifact id: 'f4f09b1b7068d40dfce42ac24371712e') in 0.012607 seconds
  Import took 0.015245 seconds .

========================================================================
Received Import Request.
  Time since last request: 0.057494 seconds.
  path: Assets/Soundwave/Sprites/Walking sprites/Layer 10.png
  artifactKey: Guid(0c0a71aa43bd228418fb07211d8e8f0f) Importer(815301076,1909f56bfc062723c751e8b465ee728b)
Start importing Assets/Soundwave/Sprites/Walking sprites/Layer 10.png using Guid(0c0a71aa43bd228418fb07211d8e8f0f) Importer(815301076,1909f56bfc062723c751e8b465ee728b)  -> (artifact id: '85b66f3339ff3fecb61062c0f68ac6cd') in 0.013361 seconds
  Import took 0.015777 seconds .

========================================================================
Received Import Request.
  Time since last request: 0.037223 seconds.
  path: Assets/Soundwave/Sprites/Walking sprites/Layer 11.png
  artifactKey: Guid(c847e4d660ce4bb4a80705f774081907) Importer(815301076,1909f56bfc062723c751e8b465ee728b)
Start importing Assets/Soundwave/Sprites/Walking sprites/Layer 11.png using Guid(c847e4d660ce4bb4a80705f774081907) Importer(815301076,1909f56bfc062723c751e8b465ee728b)  -> (artifact id: '2efc199aaf044b35efd280ae9d6079d4') in 0.015251 seconds
  Import took 0.018405 seconds .

========================================================================
Received Import Request.
  Time since last request: 0.056305 seconds.
  path: Assets/Soundwave/Sprites/Walking sprites/Layer 13.png
  artifactKey: Guid(6016d71b980c9574581b24f1ef588081) Importer(815301076,1909f56bfc062723c751e8b465ee728b)
Start importing Assets/Soundwave/Sprites/Walking sprites/Layer 13.png using Guid(6016d71b980c9574581b24f1ef588081) Importer(815301076,1909f56bfc062723c751e8b465ee728b)  -> (artifact id: '81ee859d09dcc442b9a6443ac30f6603') in 0.013960 seconds
  Import took 0.016388 seconds .

========================================================================
Received Import Request.
  Time since last request: 0.050747 seconds.
  path: Assets/Soundwave/Sprites/Walking sprites/Layer 14.png
  artifactKey: Guid(1a94aa157d4789349b3a1304263dd259) Importer(815301076,1909f56bfc062723c751e8b465ee728b)
Start importing Assets/Soundwave/Sprites/Walking sprites/Layer 14.png using Guid(1a94aa157d4789349b3a1304263dd259) Importer(815301076,1909f56bfc062723c751e8b465ee728b)  -> (artifact id: 'bf561c910deb58c2ff2e7d3e482ab0a5') in 0.013983 seconds
  Import took 0.016369 seconds .

========================================================================
Received Import Request.
  Time since last request: 0.059956 seconds.
  path: Assets/Soundwave/Sprites/Walking sprites/Layer 16.png
  artifactKey: Guid(79bb2722d95c02b4bb0acdfd3f3c9560) Importer(815301076,1909f56bfc062723c751e8b465ee728b)
Start importing Assets/Soundwave/Sprites/Walking sprites/Layer 16.png using Guid(79bb2722d95c02b4bb0acdfd3f3c9560) Importer(815301076,1909f56bfc062723c751e8b465ee728b)  -> (artifact id: '7bba2861492237742f14eb8f5a1c71ed') in 0.013096 seconds
  Import took 0.015468 seconds .

========================================================================
Received Import Request.
  Time since last request: 0.056759 seconds.
  path: Assets/Soundwave/Sprites/Walking sprites/Layer 18.png
  artifactKey: Guid(1e8209419d40e194bb017b582ef11337) Importer(815301076,1909f56bfc062723c751e8b465ee728b)
Start importing Assets/Soundwave/Sprites/Walking sprites/Layer 18.png using Guid(1e8209419d40e194bb017b582ef11337) Importer(815301076,1909f56bfc062723c751e8b465ee728b)  -> (artifact id: '92370c64275e7af8b6000c06bd7b2601') in 0.013061 seconds
  Import took 0.015955 seconds .

========================================================================
Received Import Request.
  Time since last request: 0.060178 seconds.
  path: Assets/Soundwave/Sprites/Walking sprites/Layer 20.png
  artifactKey: Guid(2e04d4ae94c10f04687e3159918960be) Importer(815301076,1909f56bfc062723c751e8b465ee728b)
Start importing Assets/Soundwave/Sprites/Walking sprites/Layer 20.png using Guid(2e04d4ae94c10f04687e3159918960be) Importer(815301076,1909f56bfc062723c751e8b465ee728b)  -> (artifact id: '2be3ce30a12c134cd5b787102ebf397a') in 0.012802 seconds
  Import took 0.015216 seconds .

========================================================================
Received Import Request.
  Time since last request: 0.068746 seconds.
  path: Assets/Soundwave/Sprites/Walking sprites/Layer 21.png
  artifactKey: Guid(f9eba6c6e4ffb174f84ab8ace9c777eb) Importer(815301076,1909f56bfc062723c751e8b465ee728b)
Start importing Assets/Soundwave/Sprites/Walking sprites/Layer 21.png using Guid(f9eba6c6e4ffb174f84ab8ace9c777eb) Importer(815301076,1909f56bfc062723c751e8b465ee728b)  -> (artifact id: 'c66c66d4e08932046a5a4c988ad95bb0') in 0.051600 seconds
  Import took 0.054397 seconds .

========================================================================
Received Import Request.
  Time since last request: 0.026825 seconds.
  path: Assets/Soundwave/Sprites/Walking sprites/Layer 25.png
  artifactKey: Guid(29b7e6c0aef88a74d9faaf44da4075a3) Importer(815301076,1909f56bfc062723c751e8b465ee728b)
Start importing Assets/Soundwave/Sprites/Walking sprites/Layer 25.png using Guid(29b7e6c0aef88a74d9faaf44da4075a3) Importer(815301076,1909f56bfc062723c751e8b465ee728b)  -> (artifact id: '0138f0033b5eeb3ca5be8758ba9e1ce3') in 0.012698 seconds
  Import took 0.015144 seconds .

========================================================================
Received Import Request.
  Time since last request: 0.026886 seconds.
  path: Assets/Soundwave/Sprites/Walking sprites/Layer 24.png
  artifactKey: Guid(f7452573b202b8f42bad812a9eed9e41) Importer(815301076,1909f56bfc062723c751e8b465ee728b)
Start importing Assets/Soundwave/Sprites/Walking sprites/Layer 24.png using Guid(f7452573b202b8f42bad812a9eed9e41) Importer(815301076,1909f56bfc062723c751e8b465ee728b)  -> (artifact id: '28049993eec307c649fd01a64ae6b726') in 0.012742 seconds
  Import took 0.015162 seconds .

========================================================================
Received Import Request.
  Time since last request: 0.028525 seconds.
  path: Assets/Soundwave/Sprites/Walking sprites/Layer 22.png
  artifactKey: Guid(9cabe2f448678c34ebda59221847dd27) Importer(815301076,1909f56bfc062723c751e8b465ee728b)
Start importing Assets/Soundwave/Sprites/Walking sprites/Layer 22.png using Guid(9cabe2f448678c34ebda59221847dd27) Importer(815301076,1909f56bfc062723c751e8b465ee728b)  -> (artifact id: '137113f6bbeeb1084f99e5177f1f7aa1') in 0.013051 seconds
  Import took 0.015524 seconds .

========================================================================
Received Import Request.
  Time since last request: 0.121829 seconds.
  path: Assets/Soundwave/Sprites/Walking sprites/Layer 19.png
  artifactKey: Guid(a3aed4465e6132c40af358164423f4d4) Importer(815301076,1909f56bfc062723c751e8b465ee728b)
Start importing Assets/Soundwave/Sprites/Walking sprites/Layer 19.png using Guid(a3aed4465e6132c40af358164423f4d4) Importer(815301076,1909f56bfc062723c751e8b465ee728b)  -> (artifact id: '255f0b5d160f308bdf7cb0a581903525') in 0.010981 seconds
  Import took 0.013727 seconds .

========================================================================
Received Import Request.
  Time since last request: 0.051511 seconds.
  path: Assets/Soundwave/Sprites/Walking sprites/Layer 17.png
  artifactKey: Guid(8492486dfc3c5e040b39964717f9141e) Importer(815301076,1909f56bfc062723c751e8b465ee728b)
Start importing Assets/Soundwave/Sprites/Walking sprites/Layer 17.png using Guid(8492486dfc3c5e040b39964717f9141e) Importer(815301076,1909f56bfc062723c751e8b465ee728b)  -> (artifact id: 'b3b5de868f8eb745cded1e85030ab8d1') in 0.011825 seconds
  Import took 0.014305 seconds .

========================================================================
Received Import Request.
  Time since last request: 0.135245 seconds.
  path: Assets/Soundwave/Sprites/Walking sprites/Layer 15.png
  artifactKey: Guid(3017e5bd4d26b0d45a6e21abbb906496) Importer(815301076,1909f56bfc062723c751e8b465ee728b)
Start importing Assets/Soundwave/Sprites/Walking sprites/Layer 15.png using Guid(3017e5bd4d26b0d45a6e21abbb906496) Importer(815301076,1909f56bfc062723c751e8b465ee728b)  -> (artifact id: '4cdaa24440eed3494fe34f2777934419') in 0.013482 seconds
  Import took 0.016349 seconds .

========================================================================
Received Import Request.
  Time since last request: 0.076859 seconds.
  path: Assets/Soundwave/Sprites/Walking sprites/Layer 12.png
  artifactKey: Guid(cefb356fe2ac1054b891c0bbb61609fe) Importer(815301076,1909f56bfc062723c751e8b465ee728b)
Start importing Assets/Soundwave/Sprites/Walking sprites/Layer 12.png using Guid(cefb356fe2ac1054b891c0bbb61609fe) Importer(815301076,1909f56bfc062723c751e8b465ee728b)  -> (artifact id: 'ec0826f09dfbf1bf582ead5768e82843') in 0.013074 seconds
  Import took 0.015830 seconds .

========================================================================
Received Import Request.
  Time since last request: 0.107522 seconds.
  path: Assets/Soundwave/Sprites/Walking sprites/Layer 9.png
  artifactKey: Guid(de782af0b4758684ab31ffacd2fc6761) Importer(815301076,1909f56bfc062723c751e8b465ee728b)
Start importing Assets/Soundwave/Sprites/Walking sprites/Layer 9.png using Guid(de782af0b4758684ab31ffacd2fc6761) Importer(815301076,1909f56bfc062723c751e8b465ee728b)  -> (artifact id: '7b12fa6f875c79e3663fe6806e6d366f') in 0.011043 seconds
  Import took 0.013531 seconds .

========================================================================
Received Import Request.
  Time since last request: 0.060636 seconds.
  path: Assets/Soundwave/Sprites/Walking sprites/Layer 8.png
  artifactKey: Guid(8c6fa9e41307a554baf3dba68a0afe96) Importer(815301076,1909f56bfc062723c751e8b465ee728b)
Start importing Assets/Soundwave/Sprites/Walking sprites/Layer 8.png using Guid(8c6fa9e41307a554baf3dba68a0afe96) Importer(815301076,1909f56bfc062723c751e8b465ee728b)  -> (artifact id: 'a78da748dda6e38dba70973d368764c1') in 0.012118 seconds
  Import took 0.014753 seconds .

========================================================================
Received Import Request.
  Time since last request: 0.097740 seconds.
  path: Assets/Soundwave/Sprites/Walking sprites/Layer 4.png
  artifactKey: Guid(885a42fb0fe15bb4f9d75f50a80833ca) Importer(815301076,1909f56bfc062723c751e8b465ee728b)
Start importing Assets/Soundwave/Sprites/Walking sprites/Layer 4.png using Guid(885a42fb0fe15bb4f9d75f50a80833ca) Importer(815301076,1909f56bfc062723c751e8b465ee728b)  -> (artifact id: 'b7eda4b0c00e55ee861e2f338d1467f7') in 0.010694 seconds
  Import took 0.013099 seconds .

========================================================================
Received Import Request.
  Time since last request: 0.036046 seconds.
  path: Assets/Soundwave/Sprites/Walking sprites/Layer 3.png
  artifactKey: Guid(703695faa06bad840bbba3132395f479) Importer(815301076,1909f56bfc062723c751e8b465ee728b)
Start importing Assets/Soundwave/Sprites/Walking sprites/Layer 3.png using Guid(703695faa06bad840bbba3132395f479) Importer(815301076,1909f56bfc062723c751e8b465ee728b)  -> (artifact id: '842ed353d9307d090153cd8e79ec7ddb') in 0.013390 seconds
  Import took 0.015977 seconds .

========================================================================
Received Import Request.
  Time since last request: 0.156929 seconds.
  path: Assets/Soundwave/Sprites/Walking sprites/Layer 23.png
  artifactKey: Guid(badf810e04871c44f8c9e2f69b5529e3) Importer(815301076,1909f56bfc062723c751e8b465ee728b)
Start importing Assets/Soundwave/Sprites/Walking sprites/Layer 23.png using Guid(badf810e04871c44f8c9e2f69b5529e3) Importer(815301076,1909f56bfc062723c751e8b465ee728b)  -> (artifact id: 'ab2fea61b2eff939c684d97b62ec58cf') in 0.012330 seconds
  Import took 0.015052 seconds .

========================================================================
Received Import Request.
  Time since last request: 0.187789 seconds.
  path: Assets/Soundwave/Sprites/Jumping Forward/Layer 4.png
  artifactKey: Guid(270d335b7066060449e182bbe21f04f9) Importer(815301076,1909f56bfc062723c751e8b465ee728b)
Start importing Assets/Soundwave/Sprites/Jumping Forward/Layer 4.png using Guid(270d335b7066060449e182bbe21f04f9) Importer(815301076,1909f56bfc062723c751e8b465ee728b)  -> (artifact id: 'cc3d517a77e875b3d6eea11c9f9d71df') in 0.011181 seconds
  Import took 0.013660 seconds .

========================================================================
Received Import Request.
  Time since last request: 0.065043 seconds.
  path: Assets/Soundwave/Sprites/Jumping Forward/Layer 11.png
  artifactKey: Guid(e73483d543bb7da4294c658951a84422) Importer(815301076,1909f56bfc062723c751e8b465ee728b)
Start importing Assets/Soundwave/Sprites/Jumping Forward/Layer 11.png using Guid(e73483d543bb7da4294c658951a84422) Importer(815301076,1909f56bfc062723c751e8b465ee728b)  -> (artifact id: '2feab8c345b6d817b567d5fd39847a7c') in 0.012267 seconds
  Import took 0.014851 seconds .

========================================================================
Received Import Request.
  Time since last request: 0.098017 seconds.
  path: Assets/Soundwave/Sprites/Jumping Forward/Layer 10.png
  artifactKey: Guid(69417af0a4acc1f49a4c306b00abd2b8) Importer(815301076,1909f56bfc062723c751e8b465ee728b)
Start importing Assets/Soundwave/Sprites/Jumping Forward/Layer 10.png using Guid(69417af0a4acc1f49a4c306b00abd2b8) Importer(815301076,1909f56bfc062723c751e8b465ee728b)  -> (artifact id: 'd8debc066cac5b5758373094b09aacf1') in 0.015154 seconds
  Import took 0.017673 seconds .

========================================================================
Received Import Request.
  Time since last request: 0.077699 seconds.
  path: Assets/Soundwave/Sprites/Jumping Forward/Layer 9.png
  artifactKey: Guid(dc7d9b164ca06ae4fb07ab7c541c65a0) Importer(815301076,1909f56bfc062723c751e8b465ee728b)
Start importing Assets/Soundwave/Sprites/Jumping Forward/Layer 9.png using Guid(dc7d9b164ca06ae4fb07ab7c541c65a0) Importer(815301076,1909f56bfc062723c751e8b465ee728b)  -> (artifact id: '23cfb17e6e7431d299f068df43fd6ded') in 0.016088 seconds
  Import took 0.018897 seconds .

========================================================================
Received Import Request.
  Time since last request: 0.005860 seconds.
  path: Assets/Soundwave/Sprites/Jumping Forward/Layer 9.png
  artifactKey: Guid(dc7d9b164ca06ae4fb07ab7c541c65a0) Importer(815301076,1909f56bfc062723c751e8b465ee728b)
Start importing Assets/Soundwave/Sprites/Jumping Forward/Layer 9.png using Guid(dc7d9b164ca06ae4fb07ab7c541c65a0) Importer(815301076,1909f56bfc062723c751e8b465ee728b)  -> (artifact id: '23cfb17e6e7431d299f068df43fd6ded') in 0.011876 seconds
  Import took 0.014302 seconds .

========================================================================
Received Import Request.
  Time since last request: 0.049186 seconds.
  path: Assets/Soundwave/Sprites/Jumping Forward/Layer 8.png
  artifactKey: Guid(bb254e922a5a769489fff5b6f88e70d5) Importer(815301076,1909f56bfc062723c751e8b465ee728b)
Start importing Assets/Soundwave/Sprites/Jumping Forward/Layer 8.png using Guid(bb254e922a5a769489fff5b6f88e70d5) Importer(815301076,1909f56bfc062723c751e8b465ee728b)  -> (artifact id: 'a268b45c108aebf1a75c099eea56e0ec') in 0.013367 seconds
  Import took 0.015891 seconds .

========================================================================
Received Import Request.
  Time since last request: 0.098714 seconds.
  path: Assets/Soundwave/Sprites/Jumping Forward/Layer 7.png
  artifactKey: Guid(5feefcbc674009842afa25b9d9b04311) Importer(815301076,1909f56bfc062723c751e8b465ee728b)
Start importing Assets/Soundwave/Sprites/Jumping Forward/Layer 7.png using Guid(5feefcbc674009842afa25b9d9b04311) Importer(815301076,1909f56bfc062723c751e8b465ee728b)  -> (artifact id: '8afd31e49ba3ce348515aad328f6425c') in 0.015363 seconds
  Import took 0.018060 seconds .

========================================================================
Received Import Request.
  Time since last request: 0.094690 seconds.
  path: Assets/Soundwave/Sprites/Jumping Forward/Layer 6.png
  artifactKey: Guid(e17ded5538331d042bd61ee8d3872dee) Importer(815301076,1909f56bfc062723c751e8b465ee728b)
Start importing Assets/Soundwave/Sprites/Jumping Forward/Layer 6.png using Guid(e17ded5538331d042bd61ee8d3872dee) Importer(815301076,1909f56bfc062723c751e8b465ee728b)  -> (artifact id: '076ac33112e7d0085a056a6467d98be3') in 0.012338 seconds
  Import took 0.014977 seconds .

========================================================================
Received Import Request.
  Time since last request: 0.042792 seconds.
  path: Assets/Soundwave/Sprites/Jumping Forward/Layer 5.png
  artifactKey: Guid(a3e624a4b9570d042b37b3035b1d85c5) Importer(815301076,1909f56bfc062723c751e8b465ee728b)
Start importing Assets/Soundwave/Sprites/Jumping Forward/Layer 5.png using Guid(a3e624a4b9570d042b37b3035b1d85c5) Importer(815301076,1909f56bfc062723c751e8b465ee728b)  -> (artifact id: 'c61ccb5e3f1772ef14e828da14f4a6ee') in 0.015014 seconds
  Import took 0.018102 seconds .

========================================================================
Received Import Request.
  Time since last request: 0.005704 seconds.
  path: Assets/Soundwave/Sprites/Jumping Forward/Layer 5.png
  artifactKey: Guid(a3e624a4b9570d042b37b3035b1d85c5) Importer(815301076,1909f56bfc062723c751e8b465ee728b)
Start importing Assets/Soundwave/Sprites/Jumping Forward/Layer 5.png using Guid(a3e624a4b9570d042b37b3035b1d85c5) Importer(815301076,1909f56bfc062723c751e8b465ee728b)  -> (artifact id: 'c61ccb5e3f1772ef14e828da14f4a6ee') in 0.014221 seconds
  Import took 0.016787 seconds .

========================================================================
Received Import Request.
  Time since last request: 0.109553 seconds.
  path: Assets/Soundwave/Sprites/Jumping Forward/Layer 12.png
  artifactKey: Guid(8f450dd69406a214da6f428de346df8e) Importer(815301076,1909f56bfc062723c751e8b465ee728b)
Start importing Assets/Soundwave/Sprites/Jumping Forward/Layer 12.png using Guid(8f450dd69406a214da6f428de346df8e) Importer(815301076,1909f56bfc062723c751e8b465ee728b)  -> (artifact id: 'e33249876211815543b8092023e32e34') in 0.014111 seconds
  Import took 0.016507 seconds .

========================================================================
Received Import Request.
  Time since last request: 2.294417 seconds.
  path: Assets/Soundwave/Sprites/Walking sprites/Layer 7.png
  artifactKey: Guid(c07802bcb48cf3a43a89b08182badad4) Importer(815301076,1909f56bfc062723c751e8b465ee728b)
Start importing Assets/Soundwave/Sprites/Walking sprites/Layer 7.png using Guid(c07802bcb48cf3a43a89b08182badad4) Importer(815301076,1909f56bfc062723c751e8b465ee728b)  -> (artifact id: '94fad4c8598700dd32f5aa2618660b64') in 0.016362 seconds
  Import took 0.019522 seconds .

========================================================================
Received Prepare
Registering precompiled user dll's ...
Registered in 0.004807 seconds.
Begin MonoManager ReloadAssembly
Native extension for WindowsStandalone target not found
Native extension for WebGL target not found
Refreshing native plugins compatible for Editor in 0.60 ms, found 2 plugins.
Preloading 0 native plugins for Editor in 0.00 ms.
Mono: successfully reloaded assembly
- Completed reload, in  0.938 seconds
Platform modules already initialized, skipping
Refreshing native plugins compatible for Editor in 0.47 ms, found 2 plugins.
Preloading 0 native plugins for Editor in 0.00 ms.
Unloading 1530 Unused Serialized files (Serialized files now loaded: 0)
System memory in use before: 72.8 MB.
System memory in use after: 72.9 MB.

Unloading 14 unused Assets to reduce memory usage. Loaded Objects now: 2039.
Total: 1.737300 ms (FindLiveObjects: 0.184300 ms CreateObjectMapping: 0.058500 ms MarkObjects: 1.476100 ms  DeleteObjects: 0.017000 ms)

========================================================================
Received Prepare
Registering precompiled user dll's ...
Registered in 0.003214 seconds.
Begin MonoManager ReloadAssembly
Native extension for WindowsStandalone target not found
Native extension for WebGL target not found
Refreshing native plugins compatible for Editor in 0.34 ms, found 2 plugins.
Preloading 0 native plugins for Editor in 0.00 ms.
Mono: successfully reloaded assembly
- Completed reload, in  0.840 seconds
Platform modules already initialized, skipping
Refreshing native plugins compatible for Editor in 0.40 ms, found 2 plugins.
Preloading 0 native plugins for Editor in 0.00 ms.
Unloading 1530 Unused Serialized files (Serialized files now loaded: 0)
System memory in use before: 72.8 MB.
System memory in use after: 72.9 MB.

Unloading 14 unused Assets to reduce memory usage. Loaded Objects now: 2041.
Total: 2.013300 ms (FindLiveObjects: 0.184200 ms CreateObjectMapping: 0.055100 ms MarkObjects: 1.753500 ms  DeleteObjects: 0.019000 ms)

========================================================================
Received Prepare
Registering precompiled user dll's ...
Registered in 0.004001 seconds.
Begin MonoManager ReloadAssembly
Native extension for WindowsStandalone target not found
Native extension for WebGL target not found
Refreshing native plugins compatible for Editor in 0.37 ms, found 2 plugins.
Preloading 0 native plugins for Editor in 0.00 ms.
Mono: successfully reloaded assembly
- Completed reload, in  1.077 seconds
Platform modules already initialized, skipping
Refreshing native plugins compatible for Editor in 0.38 ms, found 2 plugins.
Preloading 0 native plugins for Editor in 0.00 ms.
Unloading 1530 Unused Serialized files (Serialized files now loaded: 0)
System memory in use before: 72.9 MB.
System memory in use after: 72.9 MB.

Unloading 14 unused Assets to reduce memory usage. Loaded Objects now: 2043.
Total: 2.661300 ms (FindLiveObjects: 0.162600 ms CreateObjectMapping: 0.049600 ms MarkObjects: 2.067800 ms  DeleteObjects: 0.379300 ms)

========================================================================
Received Import Request.
  Time since last request: 2566.526140 seconds.
  path: Assets/Soundwave/Sprites/JumpKick/Block.anim
  artifactKey: Guid(58c41f63bfbbc3c4cbbe3ca55d1188dd) Importer(815301076,1909f56bfc062723c751e8b465ee728b)
Start importing Assets/Soundwave/Sprites/JumpKick/Block.anim using Guid(58c41f63bfbbc3c4cbbe3ca55d1188dd) Importer(815301076,1909f56bfc062723c751e8b465ee728b)  -> (artifact id: '5e935a3ff281acb0b06d95ba1574a353') in 0.022024 seconds
  Import took 0.074094 seconds .

========================================================================
Received Import Request.
  Time since last request: 816.273143 seconds.
  path: Assets/Soundwave/Sprites/Block
  artifactKey: Guid(db9c947312cade7448ca53b0b1c7f50a) Importer(815301076,1909f56bfc062723c751e8b465ee728b)
Start importing Assets/Soundwave/Sprites/Block using Guid(db9c947312cade7448ca53b0b1c7f50a) Importer(815301076,1909f56bfc062723c751e8b465ee728b)  -> (artifact id: '5dd0e4aaae1845d85e5a65a8cc05edd6') in 0.004078 seconds
  Import took 0.028010 seconds .

========================================================================
Received Import Request.
  Time since last request: 12.352842 seconds.
  path: Assets/Soundwave/Sprites/Block/Layer 9.png
  artifactKey: Guid(c1c31ce20d40cd644bee70750a496859) Importer(815301076,1909f56bfc062723c751e8b465ee728b)
Start importing Assets/Soundwave/Sprites/Block/Layer 9.png using Guid(c1c31ce20d40cd644bee70750a496859) Importer(815301076,1909f56bfc062723c751e8b465ee728b)  -> (artifact id: 'a28c90768c0d48bafb93c454a9480c8d') in 0.049670 seconds
  Import took 0.052814 seconds .

========================================================================
Received Import Request.
  Time since last request: 0.000210 seconds.
  path: Assets/Soundwave/Sprites/Block/Layer 20.png
  artifactKey: Guid(f018351cc36be61498243f9238b9e51f) Importer(815301076,1909f56bfc062723c751e8b465ee728b)
Start importing Assets/Soundwave/Sprites/Block/Layer 20.png using Guid(f018351cc36be61498243f9238b9e51f) Importer(815301076,1909f56bfc062723c751e8b465ee728b)  -> (artifact id: 'ebe15cb46923fddf54ebe18314cd35c8') in 0.011723 seconds
  Import took 0.016141 seconds .

========================================================================
Received Import Request.
  Time since last request: 7.047783 seconds.
  path: Assets/Soundwave/Sprites/Block/Layer 20.png
  artifactKey: Guid(f018351cc36be61498243f9238b9e51f) Importer(815301076,1909f56bfc062723c751e8b465ee728b)
Start importing Assets/Soundwave/Sprites/Block/Layer 20.png using Guid(f018351cc36be61498243f9238b9e51f) Importer(815301076,1909f56bfc062723c751e8b465ee728b)  -> (artifact id: '6e24f2ec679dc69bea227b509a5d6cfb') in 0.037808 seconds
  Import took 0.040615 seconds .

========================================================================
Received Import Request.
  Time since last request: 0.000161 seconds.
  path: Assets/Soundwave/Sprites/Block/Layer 9.png
  artifactKey: Guid(c1c31ce20d40cd644bee70750a496859) Importer(815301076,1909f56bfc062723c751e8b465ee728b)
Start importing Assets/Soundwave/Sprites/Block/Layer 9.png using Guid(c1c31ce20d40cd644bee70750a496859) Importer(815301076,1909f56bfc062723c751e8b465ee728b)  -> (artifact id: 'c4081c0eddfc731d7fc80acb296339ee') in 0.012565 seconds
  Import took 0.015442 seconds .

========================================================================
Received Import Request.
  Time since last request: 414.766994 seconds.
  path: Assets/Soundwave/Sprites/Kicks/Kick 1/Layer 11.png
  artifactKey: Guid(94cfdee521defb84aa811c08cd8b3760) Importer(815301076,1909f56bfc062723c751e8b465ee728b)
Start importing Assets/Soundwave/Sprites/Kicks/Kick 1/Layer 11.png using Guid(94cfdee521defb84aa811c08cd8b3760) Importer(815301076,1909f56bfc062723c751e8b465ee728b)  -> (artifact id: 'c428b0ab426fc78b0924ec1f1498b672') in 0.091384 seconds
  Import took 0.094382 seconds .

========================================================================
Received Import Request.
  Time since last request: 0.000235 seconds.
  path: Assets/Soundwave/Sprites/Kicks/Kick 1/Layer 21.png
  artifactKey: Guid(7d0b98e9cd20269438e0f177de2d6f19) Importer(815301076,1909f56bfc062723c751e8b465ee728b)
Start importing Assets/Soundwave/Sprites/Kicks/Kick 1/Layer 21.png using Guid(7d0b98e9cd20269438e0f177de2d6f19) Importer(815301076,1909f56bfc062723c751e8b465ee728b)  -> (artifact id: '46c503c4b282dfa2eca67ec3d313eba2') in 0.071736 seconds
  Import took 0.083712 seconds .

========================================================================
Received Import Request.
  Time since last request: 56.415130 seconds.
  path: Assets/Soundwave/Sprites/Kicks/Kick3/Layer 1.png
  artifactKey: Guid(a141a5a8b87a61341baba3bee2f15313) Importer(815301076,1909f56bfc062723c751e8b465ee728b)
Start importing Assets/Soundwave/Sprites/Kicks/Kick3/Layer 1.png using Guid(a141a5a8b87a61341baba3bee2f15313) Importer(815301076,1909f56bfc062723c751e8b465ee728b)  -> (artifact id: '8e9bd14181bd8241d5bf29290dfbf6a9') in 0.022838 seconds
  Import took 0.027242 seconds .

========================================================================
Received Import Request.
  Time since last request: 0.000360 seconds.
  path: Assets/Soundwave/Sprites/Kicks/Kick3/Layer 15.png
  artifactKey: Guid(6f78499907c4fc943b1a97bdfddfc87a) Importer(815301076,1909f56bfc062723c751e8b465ee728b)
Start importing Assets/Soundwave/Sprites/Kicks/Kick3/Layer 15.png using Guid(6f78499907c4fc943b1a97bdfddfc87a) Importer(815301076,1909f56bfc062723c751e8b465ee728b)  -> (artifact id: 'c6e1e433abdd564ad29bbe3e8a0c4759') in 0.025199 seconds
  Import took 0.028317 seconds .

========================================================================
Received Import Request.
  Time since last request: 0.000223 seconds.
  path: Assets/Soundwave/Sprites/Kicks/Kick3/Layer 12.png
  artifactKey: Guid(66223c2fce168424790131f2b3c2a3f1) Importer(815301076,1909f56bfc062723c751e8b465ee728b)
Start importing Assets/Soundwave/Sprites/Kicks/Kick3/Layer 12.png using Guid(66223c2fce168424790131f2b3c2a3f1) Importer(815301076,1909f56bfc062723c751e8b465ee728b)  -> (artifact id: '9c2e60a9941843ed062b82522cad9830') in 0.018092 seconds
  Import took 0.036635 seconds .

========================================================================
Received Import Request.
  Time since last request: 0.000166 seconds.
  path: Assets/Soundwave/Sprites/Kicks/Kick3/Layer 23.png
  artifactKey: Guid(2f86773d27039684d8ca941842fb8426) Importer(815301076,1909f56bfc062723c751e8b465ee728b)
Start importing Assets/Soundwave/Sprites/Kicks/Kick3/Layer 23.png using Guid(2f86773d27039684d8ca941842fb8426) Importer(815301076,1909f56bfc062723c751e8b465ee728b)  -> (artifact id: '88184704e9cd62f83f896410d3b82986') in 0.013099 seconds
  Import took 0.015824 seconds .

========================================================================
Received Import Request.
  Time since last request: 0.000137 seconds.
  path: Assets/Soundwave/Sprites/Kicks/Kick3/Layer 18.png
  artifactKey: Guid(94804f2b5797fc349b7ee738bed72670) Importer(815301076,1909f56bfc062723c751e8b465ee728b)
Start importing Assets/Soundwave/Sprites/Kicks/Kick3/Layer 18.png using Guid(94804f2b5797fc349b7ee738bed72670) Importer(815301076,1909f56bfc062723c751e8b465ee728b)  -> (artifact id: 'bdf2d05f12d71f7d8ef81792b04e3c86') in 0.019489 seconds
  Import took 0.027541 seconds .

========================================================================
Received Import Request.
  Time since last request: 4085.054312 seconds.
  path: Assets/Soundwave/Sprites/Block Crouch
  artifactKey: Guid(e151a32af71072a48bd6ee72f979156d) Importer(815301076,1909f56bfc062723c751e8b465ee728b)
Start importing Assets/Soundwave/Sprites/Block Crouch using Guid(e151a32af71072a48bd6ee72f979156d) Importer(815301076,1909f56bfc062723c751e8b465ee728b)  -> (artifact id: '1714c93ae8a7748b8e3e8221324b14af') in 0.009508 seconds
  Import took 0.031330 seconds .

========================================================================
Received Import Request.
  Time since last request: 6.252661 seconds.
  path: Assets/Soundwave/Sprites/Block Crouch/Block Crouching Sprites.png
  artifactKey: Guid(b461f876b79c02c4fb11082094f5a082) Importer(815301076,1909f56bfc062723c751e8b465ee728b)
Start importing Assets/Soundwave/Sprites/Block Crouch/Block Crouching Sprites.png using Guid(b461f876b79c02c4fb11082094f5a082) Importer(815301076,1909f56bfc062723c751e8b465ee728b)  -> (artifact id: 'be6bfccab1ce54ac65e619f910844bc3') in 0.028134 seconds
  Import took 0.030969 seconds .

========================================================================
Received Import Request.
  Time since last request: 0.002312 seconds.
  path: Assets/Soundwave/Sprites/Block Crouch/Block Crouching Sprites.png
  artifactKey: Guid(b461f876b79c02c4fb11082094f5a082) Importer(815301076,1909f56bfc062723c751e8b465ee728b)
Start importing Assets/Soundwave/Sprites/Block Crouch/Block Crouching Sprites.png using Guid(b461f876b79c02c4fb11082094f5a082) Importer(815301076,1909f56bfc062723c751e8b465ee728b)  -> (artifact id: 'be6bfccab1ce54ac65e619f910844bc3') in 0.005772 seconds
  Import took 0.008496 seconds .

========================================================================
Received Import Request.
  Time since last request: 8.201199 seconds.
  path: Assets/Soundwave/Sprites/Block Crouch/Block Crouching Sprites.png
  artifactKey: Guid(b461f876b79c02c4fb11082094f5a082) Importer(815301076,1909f56bfc062723c751e8b465ee728b)
Start importing Assets/Soundwave/Sprites/Block Crouch/Block Crouching Sprites.png using Guid(b461f876b79c02c4fb11082094f5a082) Importer(815301076,1909f56bfc062723c751e8b465ee728b)  -> (artifact id: '2f4d246f09bf9a4e28525c513592d56b') in 0.055248 seconds
  Import took 0.057718 seconds .

========================================================================
Received Import Request.
  Time since last request: 67.498148 seconds.
  path: Assets/Soundwave/Sprites/Idle Sprites
  artifactKey: Guid(7ec88bc339347f74f92da0d64d6c8133) Importer(815301076,1909f56bfc062723c751e8b465ee728b)
Start importing Assets/Soundwave/Sprites/Idle Sprites using Guid(7ec88bc339347f74f92da0d64d6c8133) Importer(815301076,1909f56bfc062723c751e8b465ee728b)  -> (artifact id: '564f3a4e07f0ccbeab8e522db6130db6') in 0.007025 seconds
  Import took 0.011603 seconds .

========================================================================
Received Import Request.
  Time since last request: 0.053889 seconds.
  path: Assets/Soundwave/Sprites/Idle Sprites/Layer 5.png
  artifactKey: Guid(c44ceb38e4400044f82f4cf7809cf0cd) Importer(815301076,1909f56bfc062723c751e8b465ee728b)
Start importing Assets/Soundwave/Sprites/Idle Sprites/Layer 5.png using Guid(c44ceb38e4400044f82f4cf7809cf0cd) Importer(815301076,1909f56bfc062723c751e8b465ee728b)  -> (artifact id: '64ac909143fb53f36c518c9b485af6b3') in 0.106354 seconds
  Import took 0.117002 seconds .

========================================================================
Received Import Request.
  Time since last request: 0.000228 seconds.
  path: Assets/Soundwave/Sprites/Idle Sprites/Layer 33.png
  artifactKey: Guid(29e30875086aca847a660893343d5c45) Importer(815301076,1909f56bfc062723c751e8b465ee728b)
Start importing Assets/Soundwave/Sprites/Idle Sprites/Layer 33.png using Guid(29e30875086aca847a660893343d5c45) Importer(815301076,1909f56bfc062723c751e8b465ee728b)  -> (artifact id: '2258f134ca07b2496e196a888fb601e3') in 0.073990 seconds
  Import took 0.104289 seconds .

========================================================================
Received Import Request.
  Time since last request: 0.000165 seconds.
  path: Assets/Soundwave/Sprites/Idle Sprites/Layer 5.png
  artifactKey: Guid(c44ceb38e4400044f82f4cf7809cf0cd) Importer(815301076,1909f56bfc062723c751e8b465ee728b)
Start importing Assets/Soundwave/Sprites/Idle Sprites/Layer 5.png using Guid(c44ceb38e4400044f82f4cf7809cf0cd) Importer(815301076,1909f56bfc062723c751e8b465ee728b)  -> (artifact id: '64ac909143fb53f36c518c9b485af6b3') in 0.012121 seconds
  Import took 0.014612 seconds .

========================================================================
Received Import Request.
  Time since last request: 0.000222 seconds.
  path: Assets/Soundwave/Sprites/Idle Sprites/Layer 29.png
  artifactKey: Guid(9d4cc66589ca353449d66200f268f120) Importer(815301076,1909f56bfc062723c751e8b465ee728b)
Start importing Assets/Soundwave/Sprites/Idle Sprites/Layer 29.png using Guid(9d4cc66589ca353449d66200f268f120) Importer(815301076,1909f56bfc062723c751e8b465ee728b)  -> (artifact id: '5f14a343c9b8ededd77fc0c7e6025ce3') in 0.101524 seconds
  Import took 0.114922 seconds .

========================================================================
Received Import Request.
  Time since last request: 0.000165 seconds.
  path: Assets/Soundwave/Sprites/Idle Sprites/Layer 21.png
  artifactKey: Guid(5bb822beee7246240a895889b056344b) Importer(815301076,1909f56bfc062723c751e8b465ee728b)
Start importing Assets/Soundwave/Sprites/Idle Sprites/Layer 21.png using Guid(5bb822beee7246240a895889b056344b) Importer(815301076,1909f56bfc062723c751e8b465ee728b)  -> (artifact id: '5a6607e3858c25d12a69ea827f34acda') in 0.082309 seconds
  Import took 0.084730 seconds .

========================================================================
Received Import Request.
  Time since last request: 0.000134 seconds.
  path: Assets/Soundwave/Sprites/Idle Sprites/Layer 45.png
  artifactKey: Guid(f92afc14795505d41bd5a84c55abaea6) Importer(815301076,1909f56bfc062723c751e8b465ee728b)
Start importing Assets/Soundwave/Sprites/Idle Sprites/Layer 45.png using Guid(f92afc14795505d41bd5a84c55abaea6) Importer(815301076,1909f56bfc062723c751e8b465ee728b)  -> (artifact id: '055bf3041e47bb87bbe5d965a7595997') in 0.077519 seconds
  Import took 0.079776 seconds .

========================================================================
Received Import Request.
  Time since last request: 0.000131 seconds.
  path: Assets/Soundwave/Sprites/Idle Sprites/Layer 17.png
  artifactKey: Guid(eb57a235dd791f84eacfa69b30bf8b42) Importer(815301076,1909f56bfc062723c751e8b465ee728b)
Start importing Assets/Soundwave/Sprites/Idle Sprites/Layer 17.png using Guid(eb57a235dd791f84eacfa69b30bf8b42) Importer(815301076,1909f56bfc062723c751e8b465ee728b)  -> (artifact id: 'fe21624906e6fe96a7caed41c567b18c') in 0.073604 seconds
  Import took 0.086969 seconds .

========================================================================
Received Import Request.
  Time since last request: 0.000229 seconds.
  path: Assets/Soundwave/Sprites/Idle Sprites/Layer 25.png
  artifactKey: Guid(439f56b8b896b2544bd291ff30f2664b) Importer(815301076,1909f56bfc062723c751e8b465ee728b)
Start importing Assets/Soundwave/Sprites/Idle Sprites/Layer 25.png using Guid(439f56b8b896b2544bd291ff30f2664b) Importer(815301076,1909f56bfc062723c751e8b465ee728b)  -> (artifact id: '73e546484ab5eb5b679e193a669419cd') in 0.052659 seconds
  Import took 0.076285 seconds .

========================================================================
Received Import Request.
  Time since last request: 0.000150 seconds.
  path: Assets/Soundwave/Sprites/Idle Sprites/Layer 41.png
  artifactKey: Guid(39be81c7c4305f143b857812582e392e) Importer(815301076,1909f56bfc062723c751e8b465ee728b)
Start importing Assets/Soundwave/Sprites/Idle Sprites/Layer 41.png using Guid(39be81c7c4305f143b857812582e392e) Importer(815301076,1909f56bfc062723c751e8b465ee728b)  -> (artifact id: '57061974cc2f696f1598d4dae865257c') in 0.066154 seconds
  Import took 0.068404 seconds .

========================================================================
Received Import Request.
  Time since last request: 0.000162 seconds.
  path: Assets/Soundwave/Sprites/Idle Sprites/Layer 49.png
  artifactKey: Guid(8f69ffed6eaa3864ba90933bbaff42ab) Importer(815301076,1909f56bfc062723c751e8b465ee728b)
Start importing Assets/Soundwave/Sprites/Idle Sprites/Layer 49.png using Guid(8f69ffed6eaa3864ba90933bbaff42ab) Importer(815301076,1909f56bfc062723c751e8b465ee728b)  -> (artifact id: '76885e43826add4556554264ca29bced') in 0.035587 seconds
  Import took 0.055709 seconds .

========================================================================
Received Import Request.
  Time since last request: 0.000147 seconds.
  path: Assets/Soundwave/Sprites/Idle Sprites/Layer 37.png
  artifactKey: Guid(46a8794fdb2a1d34bad051a237d17346) Importer(815301076,1909f56bfc062723c751e8b465ee728b)
Start importing Assets/Soundwave/Sprites/Idle Sprites/Layer 37.png using Guid(46a8794fdb2a1d34bad051a237d17346) Importer(815301076,1909f56bfc062723c751e8b465ee728b)  -> (artifact id: '6437e3a60b696cbcc37d4df570135292') in 0.048471 seconds
  Import took 0.050801 seconds .

========================================================================
Received Import Request.
  Time since last request: 0.000197 seconds.
  path: Assets/Soundwave/Sprites/Idle Sprites/Layer 13.png
  artifactKey: Guid(c096ef8d63db1b748a38aa65247553ed) Importer(815301076,1909f56bfc062723c751e8b465ee728b)
Start importing Assets/Soundwave/Sprites/Idle Sprites/Layer 13.png using Guid(c096ef8d63db1b748a38aa65247553ed) Importer(815301076,1909f56bfc062723c751e8b465ee728b)  -> (artifact id: '851900fad4010a0fdc3dd17f8fc3654f') in 0.062309 seconds
  Import took 0.064896 seconds .

========================================================================
Received Import Request.
  Time since last request: 0.000416 seconds.
  path: Assets/Soundwave/Sprites/Idle Sprites/Layer 53.png
  artifactKey: Guid(e254b8fedb290824eb36736d810247cd) Importer(815301076,1909f56bfc062723c751e8b465ee728b)
Start importing Assets/Soundwave/Sprites/Idle Sprites/Layer 53.png using Guid(e254b8fedb290824eb36736d810247cd) Importer(815301076,1909f56bfc062723c751e8b465ee728b)  -> (artifact id: '9594585d1843977ab64e207b62a8bb76') in 0.090333 seconds
  Import took 0.092703 seconds .

========================================================================
Received Import Request.
  Time since last request: 0.000218 seconds.
  path: Assets/Soundwave/Sprites/Idle Sprites/Layer 9.png
  artifactKey: Guid(f1a585a40d907524c9e0e04efb8f5817) Importer(815301076,1909f56bfc062723c751e8b465ee728b)
Start importing Assets/Soundwave/Sprites/Idle Sprites/Layer 9.png using Guid(f1a585a40d907524c9e0e04efb8f5817) Importer(815301076,1909f56bfc062723c751e8b465ee728b)  -> (artifact id: '24050b0a07d31248301b909a8eee7430') in 0.067221 seconds
  Import took 0.079989 seconds .

========================================================================
Received Prepare
Registering precompiled user dll's ...
Registered in 0.329204 seconds.
Begin MonoManager ReloadAssembly
Native extension for WindowsStandalone target not found
Native extension for WebGL target not found
Refreshing native plugins compatible for Editor in 0.33 ms, found 2 plugins.
Preloading 0 native plugins for Editor in 0.00 ms.
Mono: successfully reloaded assembly
- Completed reload, in  2.548 seconds
Platform modules already initialized, skipping
Refreshing native plugins compatible for Editor in 0.36 ms, found 2 plugins.
Preloading 0 native plugins for Editor in 0.00 ms.
Unloading 1530 Unused Serialized files (Serialized files now loaded: 0)
System memory in use before: 72.9 MB.
System memory in use after: 73.0 MB.

Unloading 14 unused Assets to reduce memory usage. Loaded Objects now: 2051.
Total: 1.766900 ms (FindLiveObjects: 0.137600 ms CreateObjectMapping: 0.040600 ms MarkObjects: 1.572600 ms  DeleteObjects: 0.015400 ms)

========================================================================
Received Prepare
Registering precompiled user dll's ...
Registered in 0.004666 seconds.
Begin MonoManager ReloadAssembly
Native extension for WindowsStandalone target not found
Native extension for WebGL target not found
Refreshing native plugins compatible for Editor in 0.34 ms, found 2 plugins.
Preloading 0 native plugins for Editor in 0.00 ms.
Mono: successfully reloaded assembly
- Completed reload, in  1.121 seconds
Platform modules already initialized, skipping
Refreshing native plugins compatible for Editor in 0.40 ms, found 2 plugins.
Preloading 0 native plugins for Editor in 0.00 ms.
Unloading 1530 Unused Serialized files (Serialized files now loaded: 0)
System memory in use before: 72.9 MB.
System memory in use after: 73.0 MB.

Unloading 14 unused Assets to reduce memory usage. Loaded Objects now: 2053.
Total: 2.091200 ms (FindLiveObjects: 0.253900 ms CreateObjectMapping: 0.077800 ms MarkObjects: 1.728600 ms  DeleteObjects: 0.029000 ms)

========================================================================
Received Import Request.
  Time since last request: 10046.802461 seconds.
  path: Assets/Soundwave/Sprites/Jumping/Layer 63.png
  artifactKey: Guid(5301ff848f0c125468e6c7c6169933a2) Importer(815301076,1909f56bfc062723c751e8b465ee728b)
Start importing Assets/Soundwave/Sprites/Jumping/Layer 63.png using Guid(5301ff848f0c125468e6c7c6169933a2) Importer(815301076,1909f56bfc062723c751e8b465ee728b)  -> (artifact id: '423453bf2061e2aa3cbf91d3013fdead') in 0.113407 seconds
  Import took 0.117009 seconds .

========================================================================
Received Import Request.
  Time since last request: 0.000251 seconds.
  path: Assets/Soundwave/Sprites/Jumping/Layer 7.png
  artifactKey: Guid(91b97e2c050a92745a66fb67049b2f50) Importer(815301076,1909f56bfc062723c751e8b465ee728b)
Start importing Assets/Soundwave/Sprites/Jumping/Layer 7.png using Guid(91b97e2c050a92745a66fb67049b2f50) Importer(815301076,1909f56bfc062723c751e8b465ee728b)  -> (artifact id: '137d5fd76a90dd33921fbde9bf35a250') in 0.015900 seconds
  Import took 0.019458 seconds .

========================================================================
Received Import Request.
  Time since last request: 0.163178 seconds.
  path: Assets/Soundwave/Sprites/Jumping/Layer 17.png
  artifactKey: Guid(806d36d67d8fac54da1022f672c41317) Importer(815301076,1909f56bfc062723c751e8b465ee728b)
Start importing Assets/Soundwave/Sprites/Jumping/Layer 17.png using Guid(806d36d67d8fac54da1022f672c41317) Importer(815301076,1909f56bfc062723c751e8b465ee728b)  -> (artifact id: '6c758b612ba0d2bff92293939cb1555c') in 0.013479 seconds
  Import took 0.022754 seconds .

========================================================================
Received Import Request.
  Time since last request: 0.003255 seconds.
  path: Assets/Soundwave/Sprites/Jumping/Layer 17.png
  artifactKey: Guid(806d36d67d8fac54da1022f672c41317) Importer(815301076,1909f56bfc062723c751e8b465ee728b)
Start importing Assets/Soundwave/Sprites/Jumping/Layer 17.png using Guid(806d36d67d8fac54da1022f672c41317) Importer(815301076,1909f56bfc062723c751e8b465ee728b)  -> (artifact id: '6c758b612ba0d2bff92293939cb1555c') in 0.011261 seconds
  Import took 0.013855 seconds .

